[2018-11-09 19:03:02.360] [exthost1] [info] extension host started
[2018-11-09 19:03:02.523] [exthost1] [info] ExtensionService#_doActivateExtension vscode.emmet {"startup":true,"activationEvent":"*"}
[2018-11-09 19:03:02.523] [exthost1] [info] ExtensionService#loadCommonJSModule /Applications/Visual Studio Code.app/Contents/Resources/app/extensions/emmet/out/extension
[2018-11-09 19:03:02.758] [exthost1] [info] ExtensionService#_doActivateExtension vscode.git {"startup":true,"activationEvent":"*"}
[2018-11-09 19:03:02.758] [exthost1] [info] ExtensionService#loadCommonJSModule /Applications/Visual Studio Code.app/Contents/Resources/app/extensions/git/out/main
[2018-11-09 19:03:03.488] [exthost1] [info] ExtensionService#_doActivateExtension vscode.merge-conflict {"startup":true,"activationEvent":"*"}
[2018-11-09 19:03:03.488] [exthost1] [info] ExtensionService#loadCommonJSModule /Applications/Visual Studio Code.app/Contents/Resources/app/extensions/merge-conflict/out/extension
[2018-11-09 19:03:03.559] [exthost1] [info] ExtensionService#_doActivateExtension formulahendry.auto-close-tag {"startup":true,"activationEvent":"*"}
[2018-11-09 19:03:03.559] [exthost1] [info] ExtensionService#loadCommonJSModule /Users/nycda/.vscode/extensions/formulahendry.auto-close-tag-0.5.6/out/src/extension
[2018-11-09 19:03:03.567] [exthost1] [info] ExtensionService#_doActivateExtension formulahendry.terminal {"startup":true,"activationEvent":"*"}
[2018-11-09 19:03:03.567] [exthost1] [info] ExtensionService#loadCommonJSModule /Users/nycda/.vscode/extensions/formulahendry.terminal-0.0.10/out/src/extension
[2018-11-09 19:03:03.659] [exthost1] [info] ExtensionService#_doActivateExtension stkb.rewrap {"startup":true,"activationEvent":"*"}
[2018-11-09 19:03:03.659] [exthost1] [info] ExtensionService#loadCommonJSModule /Users/nycda/.vscode/extensions/stkb.rewrap-1.9.1/vscode/Extension
[2018-11-09 19:03:03.878] [exthost1] [info] eager extensions activated
[2018-11-09 19:03:33.184] [exthost1] [info] extension host started
[2018-11-09 19:03:33.278] [exthost1] [info] ExtensionService#_doActivateExtension vscode.emmet {"startup":true,"activationEvent":"*"}
[2018-11-09 19:03:33.278] [exthost1] [info] ExtensionService#loadCommonJSModule /Applications/Visual Studio Code.app/Contents/Resources/app/extensions/emmet/out/extension
[2018-11-09 19:03:33.511] [exthost1] [info] ExtensionService#_doActivateExtension vscode.git {"startup":true,"activationEvent":"*"}
[2018-11-09 19:03:33.511] [exthost1] [info] ExtensionService#loadCommonJSModule /Applications/Visual Studio Code.app/Contents/Resources/app/extensions/git/out/main
[2018-11-09 19:03:34.125] [exthost1] [info] ExtensionService#_doActivateExtension vscode.merge-conflict {"startup":true,"activationEvent":"*"}
[2018-11-09 19:03:34.125] [exthost1] [info] ExtensionService#loadCommonJSModule /Applications/Visual Studio Code.app/Contents/Resources/app/extensions/merge-conflict/out/extension
[2018-11-09 19:03:34.173] [exthost1] [info] ExtensionService#_doActivateExtension formulahendry.auto-close-tag {"startup":true,"activationEvent":"*"}
[2018-11-09 19:03:34.173] [exthost1] [info] ExtensionService#loadCommonJSModule /Users/nycda/.vscode/extensions/formulahendry.auto-close-tag-0.5.6/out/src/extension
[2018-11-09 19:03:34.178] [exthost1] [info] ExtensionService#_doActivateExtension formulahendry.terminal {"startup":true,"activationEvent":"*"}
[2018-11-09 19:03:34.178] [exthost1] [info] ExtensionService#loadCommonJSModule /Users/nycda/.vscode/extensions/formulahendry.terminal-0.0.10/out/src/extension
[2018-11-09 19:03:34.235] [exthost1] [info] ExtensionService#_doActivateExtension stkb.rewrap {"startup":true,"activationEvent":"*"}
[2018-11-09 19:03:34.236] [exthost1] [info] ExtensionService#loadCommonJSModule /Users/nycda/.vscode/extensions/stkb.rewrap-1.9.1/vscode/Extension
[2018-11-09 19:03:34.409] [exthost1] [info] ExtensionService#_doActivateExtension vscode.npm {"startup":true,"activationEvent":"workspaceContains:package.json"}
[2018-11-09 19:03:34.409] [exthost1] [info] ExtensionService#loadCommonJSModule /Applications/Visual Studio Code.app/Contents/Resources/app/extensions/npm/out/main
[2018-11-09 19:03:35.999] [exthost1] [info] ExtensionService#_doActivateExtension bung87.vscode-gemfile {"startup":true,"activationEvent":"workspaceContains:**/Gemfile"}
[2018-11-09 19:03:35.999] [exthost1] [info] ExtensionService#loadCommonJSModule /Users/nycda/.vscode/extensions/bung87.vscode-gemfile-0.0.2/out/src/extension
[2018-11-09 19:03:36.009] [exthost1] [info] eager extensions activated
[2018-11-09 19:03:36.011] [exthost1] [info] ExtensionService#_doActivateExtension bung87.rails {"startup":true,"activationEvent":"workspaceContains:**/Gemfile"}
[2018-11-09 19:03:36.011] [exthost1] [info] ExtensionService#loadCommonJSModule /Users/nycda/.vscode/extensions/bung87.rails-0.8.4/out/src/extension
[2018-11-09 19:03:44.275] [exthost1] [info] ExtensionService#_doActivateExtension vscode.configuration-editing {"startup":false,"activationEvent":"onLanguage:jsonc"}
[2018-11-09 19:03:44.275] [exthost1] [info] ExtensionService#loadCommonJSModule /Applications/Visual Studio Code.app/Contents/Resources/app/extensions/configuration-editing/out/extension
[2018-11-09 19:03:44.310] [exthost1] [info] ExtensionService#_doActivateExtension vscode.json-language-features {"startup":false,"activationEvent":"onLanguage:jsonc"}
[2018-11-09 19:03:44.310] [exthost1] [info] ExtensionService#loadCommonJSModule /Applications/Visual Studio Code.app/Contents/Resources/app/extensions/json-language-features/client/out/jsonMain
[2018-11-09 19:04:14.480] [exthost1] [info] ExtensionService#_doActivateExtension vscode.typescript-language-features {"startup":false,"activationEvent":"onLanguage:javascript"}
[2018-11-09 19:04:14.480] [exthost1] [info] ExtensionService#loadCommonJSModule /Applications/Visual Studio Code.app/Contents/Resources/app/extensions/typescript-language-features/out/extension
[2018-11-09 19:04:15.043] [exthost1] [info] ExtensionService#_doActivateExtension ecmel.vscode-html-css {"startup":false,"activationEvent":"onLanguage:javascript"}
[2018-11-09 19:04:15.043] [exthost1] [info] ExtensionService#loadCommonJSModule /Users/nycda/.vscode/extensions/ecmel.vscode-html-css-0.2.0/out/src/extension
[2018-11-09 19:04:16.257] [exthost1] [info] ExtensionService#_doActivateExtension lonefy.vscode-JS-CSS-HTML-formatter {"startup":false,"activationEvent":"onLanguage:javascript"}
[2018-11-09 19:04:16.257] [exthost1] [info] ExtensionService#loadCommonJSModule /Users/nycda/.vscode/extensions/lonefy.vscode-js-css-html-formatter-0.2.3/out/src/extension
[2018-11-09 19:04:16.287] [exthost1] [info] ExtensionService#_doActivateExtension refgd.easy-compile {"startup":false,"activationEvent":"onLanguage:javascript"}
[2018-11-09 19:04:16.287] [exthost1] [info] ExtensionService#loadCommonJSModule /Users/nycda/.vscode/extensions/refgd.easy-compile-1.1.3/out/src/extension
